<?xml version="1.0" encoding="UTF-8"?>
<!-- Generated by org.testng.reporters.JUnitReportReporter -->
<testsuite skipped="0" hostname="SINGAL155433MAL.local" name="test.testcase1" tests="2" failures="0" timestamp="05 Nov 2017 19:29:19 GMT" time="0.014" errors="0">
  <testcase name="intersectionExample" time="0.013" classname="test.testcase1"/>
  <testcase name="intersectionAnotherExample" time="0.001" classname="test.testcase1"/>
</testsuite> <!-- test.testcase1 -->
