<?xml version="1.0" encoding="UTF-8"?>
<!-- Generated by org.testng.reporters.JUnitReportReporter -->
<testsuite skipped="0" hostname="SINGAL155433MAL.local" name="test.testcase" tests="2" failures="0" timestamp="11 Nov 2017 09:41:15 GMT" time="0.012" errors="0">
  <testcase name="intersectionExample" time="0.011" classname="test.testcase"/>
  <testcase name="intersectionAnotherExample" time="0.001" classname="test.testcase"/>
</testsuite> <!-- test.testcase -->
